2015-04-07 20:36:52 [INFO] Starting minecraft server version 1.6.4
2015-04-07 20:37:11 [INFO] Loading properties
2015-04-07 20:37:11 [INFO] Default game type: SURVIVAL
2015-04-07 20:37:11 [INFO] Generating keypair
2015-04-07 20:37:11 [INFO] Starting Minecraft server on *:25565
2015-04-07 20:37:15 [INFO] [qCraft] Loading qCraft v1.1 (rev 253)
2015-04-07 20:37:18 [WARNING] Failed to load operators list: java.io.FileNotFoundException: .\ops.txt (The system cannot find the file specified)
2015-04-07 20:37:18 [WARNING] Failed to load white-list: java.io.FileNotFoundException: .\white-list.txt (The system cannot find the file specified)
2015-04-07 20:37:18 [INFO] Preparing level "world"
2015-04-07 20:37:19 [INFO] Preparing start region for level 0
2015-04-07 20:37:20 [INFO] Preparing spawn area: 5%
2015-04-07 20:37:21 [INFO] Preparing spawn area: 8%
2015-04-07 20:37:22 [INFO] Preparing spawn area: 14%
2015-04-07 20:37:23 [INFO] Preparing spawn area: 17%
2015-04-07 20:37:24 [INFO] Preparing spawn area: 24%
2015-04-07 20:37:26 [INFO] Preparing spawn area: 26%
2015-04-07 20:37:27 [INFO] Preparing spawn area: 35%
2015-04-07 20:37:29 [INFO] Preparing spawn area: 47%
2015-04-07 20:37:30 [INFO] Preparing spawn area: 60%
2015-04-07 20:37:31 [INFO] Preparing spawn area: 65%
2015-04-07 20:37:32 [INFO] Preparing spawn area: 72%
2015-04-07 20:37:33 [INFO] Preparing spawn area: 86%
2015-04-07 20:37:35 [INFO] Preparing spawn area: 89%
2015-04-07 20:37:36 [INFO] Done (18.361s)! For help, type "help" or "?"
2015-04-07 20:38:07 [INFO] Stopping server
2015-04-07 20:38:07 [INFO] Saving players
2015-04-07 20:38:07 [INFO] Saving worlds
2015-04-07 20:38:07 [INFO] Saving chunks for level 'world'/Overworld
2015-04-07 20:39:07 [INFO] Starting minecraft server version 1.6.4
2015-04-07 20:39:28 [INFO] Loading properties
2015-04-07 20:39:28 [INFO] Default game type: SURVIVAL
2015-04-07 20:39:28 [INFO] Generating keypair
2015-04-07 20:39:28 [INFO] Starting Minecraft server on *:25565
2015-04-07 20:39:31 [INFO] [qCraft] Loading qCraft v1.1 (rev 253)
2015-04-07 20:39:34 [INFO] Preparing level "world"
2015-04-07 20:39:35 [INFO] Preparing start region for level 0
2015-04-07 20:39:36 [INFO] Preparing spawn area: 75%
2015-04-07 20:39:36 [INFO] Done (2.290s)! For help, type "help" or "?"
2015-04-07 20:40:10 [SEVERE] Reached end of stream for /25.128.157.64
2015-04-07 20:40:13 [SEVERE] Reached end of stream for /25.128.157.64
2015-04-07 20:40:14 [INFO] rouskata [/25.128.157.64:61795] lost connection
2015-04-07 20:40:18 [SEVERE] Reached end of stream for /25.128.157.64
2015-04-07 20:40:20 [INFO] Stopping server
2015-04-07 20:40:20 [INFO] Saving players
2015-04-07 20:40:20 [INFO] Saving worlds
2015-04-07 20:40:20 [INFO] Saving chunks for level 'world'/Overworld
2015-04-07 20:40:20 [INFO] Closing listening thread
2015-04-07 20:41:02 [INFO] Starting minecraft server version 1.6.4
2015-04-07 20:41:23 [INFO] Loading properties
2015-04-07 20:41:23 [INFO] Default game type: SURVIVAL
2015-04-07 20:41:23 [INFO] Generating keypair
2015-04-07 20:41:23 [INFO] Starting Minecraft server on *:25565
2015-04-07 20:41:23 [WARNING] **** SERVER IS RUNNING IN OFFLINE/INSECURE MODE!
2015-04-07 20:41:23 [WARNING] The server will make no attempt to authenticate usernames. Beware.
2015-04-07 20:41:23 [WARNING] While this makes the game possible to play without internet access, it also opens up the ability for hackers to connect with any username they choose.
2015-04-07 20:41:23 [WARNING] To change this, set "online-mode" to "true" in the server.properties file.
2015-04-07 20:41:27 [INFO] [qCraft] Loading qCraft v1.1 (rev 253)
2015-04-07 20:41:30 [INFO] Preparing level "world"
2015-04-07 20:41:31 [INFO] Preparing start region for level 0
2015-04-07 20:41:32 [INFO] Preparing spawn area: 68%
2015-04-07 20:41:32 [INFO] Done (2.321s)! For help, type "help" or "?"
2015-04-07 20:41:34 [INFO] rouskata[/25.128.157.64:61811] logged in with entity id 429 at (-26.88418196518448, 64.2758280002814, 95.69778344681269)
2015-04-07 20:41:34 [INFO] rouskata joined the game
2015-04-07 20:41:36 [WARNING] Can't keep up! Did the system time change, or is the server overloaded?
2015-04-07 20:42:50 [INFO] Opped rouskata
2015-04-07 20:43:04 [SEVERE] Reached end of stream for /25.120.215.232
2015-04-07 20:43:09 [INFO] [rouskata: Opped Wisperoon]
2015-04-07 20:44:15 [INFO] Wisperoon[/25.120.215.232:60911] logged in with entity id 14052 at (-25.40660116649161, 63.0, 94.69999998807907)
2015-04-07 20:44:15 [INFO] Wisperoon joined the game
2015-04-07 20:57:17 [SEVERE] Reached end of stream for /25.83.254.178
2015-04-07 20:57:26 [INFO] Mine_Pup[/25.83.254.178:52105] logged in with entity id 30842 at (14.942604478645528, 64.0, 108.68888629667579)
2015-04-07 20:57:26 [INFO] Mine_Pup joined the game
2015-04-07 21:12:11 [WARNING] Wisperoon moved wrongly!
2015-04-07 21:13:50 [WARNING] Wisperoon moved wrongly!
2015-04-07 21:18:02 [INFO] rouskata lost connection: disconnect.quitting
2015-04-07 21:18:02 [INFO] rouskata left the game
2015-04-07 21:27:15 [INFO] [Wisperoon: Set own game mode to Creative Mode]
2015-04-07 21:29:09 [INFO] [Wisperoon: Set own game mode to Survival Mode]
2015-04-07 21:31:41 [INFO] [Wisperoon: Set own game mode to Creative Mode]
2015-04-07 21:32:51 [INFO] [Wisperoon: Set own game mode to Survival Mode]
2015-04-07 21:34:38 [SEVERE] Reached end of stream for /25.128.157.64
2015-04-07 21:34:40 [INFO] rouskata[/25.128.157.64:62074] logged in with entity id 97899 at (19.498322185878138, 80.97912801024722, 88.25066213933353)
2015-04-07 21:34:40 [INFO] rouskata joined the game
2015-04-07 21:39:07 [WARNING] Mine_Pup moved wrongly!
2015-04-07 21:44:13 [INFO] <Mine_Pup> roska kato stignesh do tynel4e mi pishi
2015-04-07 21:44:14 [INFO] <Mine_Pup> ok ?
2015-04-07 21:44:20 [INFO] <rouskata> ok
2015-04-07 21:45:03 [INFO] <Mine_Pup> gg nqmam kirka
2015-04-07 21:45:45 [INFO] <Wisperoon> rouska ti armora
2015-04-07 21:45:48 [INFO] <Wisperoon> nqkoga nosish l isi
2015-04-07 21:46:44 [INFO] <rouskata> +90 + 400 sum
2015-04-07 21:47:05 [INFO] <Mine_Pup> +80 - 483
2015-04-07 21:47:08 [INFO] <Mine_Pup> 13
2015-04-07 21:47:11 [WARNING] Wisperoon moved wrongly!
2015-04-07 21:47:12 [INFO] <rouskata> chakai
2015-04-07 21:47:16 [INFO] <rouskata> - 400 ili +
2015-04-07 21:47:20 [INFO] <Mine_Pup> -
2015-04-07 21:47:23 [INFO] <rouskata> ................
2015-04-07 21:47:26 [INFO] <Mine_Pup> nali ti kazah - ... be
2015-04-07 21:47:28 [INFO] <Mine_Pup> :D
2015-04-07 21:47:34 [INFO] <Mine_Pup> (facepalm)
2015-04-07 21:47:44 [INFO] <Wisperoon> HORA MNOGO MI LAGI
2015-04-07 21:47:48 [INFO] <Wisperoon> IZLEZTE OT TOQ NETHER
2015-04-07 21:47:57 [INFO] <Mine_Pup> ne mislq 4e e ot tova
2015-04-07 21:48:02 [INFO] <Wisperoon> ot tova e
2015-04-07 21:48:09 [INFO] <Wisperoon> dneska cql den ne mi e lagelo
2015-04-07 21:48:17 [INFO] <Mine_Pup> e to i na men
2015-04-07 21:48:20 [INFO] <Mine_Pup> ppc mi lagi :D
2015-04-07 21:49:25 [INFO] <Mine_Pup> roska pisha ti kordinatite PAK !
2015-04-07 21:49:38 [INFO] <Mine_Pup> +82 - 483
2015-04-07 21:49:43 [INFO] <Mine_Pup> 13
2015-04-07 21:49:48 [INFO] <Mine_Pup> otivam da sera naburzo
2015-04-07 21:49:50 [INFO] <Mine_Pup> :D
2015-04-07 21:49:59 [INFO] [rouskata: Teleported Mine_Pup to rouskata]
2015-04-07 21:50:10 [INFO] <Mine_Pup> 4esno li :D
2015-04-07 21:57:59 [INFO] <Wisperoon> ROUSKJA
2015-04-07 21:58:08 [INFO] <Wisperoon> namerih kak moje smenqsh kak izglejda armora :D
2015-04-07 21:58:38 [INFO] <Mine_Pup> someone ?
2015-04-07 21:58:43 [INFO] <Mine_Pup> roska kude da slagam tiq rydi ?
2015-04-07 21:59:51 [WARNING] Can't keep up! Did the system time change, or is the server overloaded?
2015-04-07 22:00:17 [WARNING] Can't keep up! Did the system time change, or is the server overloaded?
2015-04-07 22:06:53 [INFO] <Wisperoon> DELETENAH SI KASKATa
2015-04-07 22:06:55 [WARNING] Wisperoon moved wrongly!
2015-04-07 22:06:58 [INFO] <rouskata> :D :D
2015-04-07 22:07:01 [INFO] [Wisperoon: Set own game mode to Creative Mode]
2015-04-07 22:07:06 [INFO] Wisperoon lost connection: disconnect.quitting
2015-04-07 22:07:06 [INFO] Wisperoon left the game
2015-04-07 22:07:08 [SEVERE] Reached end of stream for /25.120.215.232
2015-04-07 22:07:30 [INFO] Wisperoon[/25.120.215.232:56658] logged in with entity id 146886 at (24.707932449725142, 71.20000004768377, 94.64587748189707)
2015-04-07 22:07:30 [INFO] Wisperoon joined the game
2015-04-07 22:07:41 [INFO] <rouskata> spreli ste the dark hole
2015-04-07 22:08:02 [INFO] <Mine_Pup> brat kude e diamanta ?
2015-04-07 22:08:39 [SEVERE] Reached end of stream for /25.83.254.178
2015-04-07 22:08:39 [INFO] Mine_Pup lost connection: disconnect.genericReason
2015-04-07 22:08:39 [INFO] Mine_Pup left the game
2015-04-07 22:08:42 [INFO] [Wisperoon: Set own game mode to Survival Mode]
2015-04-07 22:09:00 [SEVERE] Reached end of stream for /25.83.254.178
2015-04-07 22:09:07 [INFO] Mine_Pup[/25.83.254.178:52253] logged in with entity id 151438 at (-34.045652493740896, 63.0, 94.31648926584519)
2015-04-07 22:09:07 [INFO] Mine_Pup joined the game
2015-04-07 22:09:10 [INFO] <Wisperoon> mezma, lvp stavapt ;lag
2015-04-07 22:09:23 [INFO] <Wisperoon> marti kato leftna
2015-04-07 22:09:30 [INFO] <Wisperoon> i mi sprq laga za malko :D
2015-04-07 22:09:33 [INFO] <rouskata> :D
2015-04-07 22:10:01 [WARNING] Can't keep up! Did the system time change, or is the server overloaded?
2015-04-07 22:12:21 [INFO] <Wisperoon> lipsva ti edin capacitaror
2015-04-07 22:12:39 [INFO] <Wisperoon> imam delay na chata 2 3 mmin
2015-04-07 22:12:51 [INFO] Wisperoon lost connection: disconnect.quitting
2015-04-07 22:12:51 [INFO] Wisperoon left the game
2015-04-07 22:12:54 [SEVERE] Reached end of stream for /25.120.215.232
2015-04-07 22:13:05 [INFO] Wisperoon[/25.120.215.232:58593] logged in with entity id 161523 at (9.960579991043002, 136.0731999805212, 93.28429589657121)
2015-04-07 22:13:05 [INFO] Wisperoon joined the game
2015-04-07 22:14:01 [WARNING] rouskata moved wrongly!
2015-04-07 22:18:40 [WARNING] Mine_Pup moved wrongly!
2015-04-07 22:18:53 [WARNING] Can't keep up! Did the system time change, or is the server overloaded?
2015-04-07 22:19:37 [WARNING] Can't keep up! Did the system time change, or is the server overloaded?
2015-04-07 22:20:54 [WARNING] Can't keep up! Did the system time change, or is the server overloaded?
2015-04-07 22:22:45 [INFO] Wisperoon lost connection: disconnect.genericReason
2015-04-07 22:22:45 [INFO] Wisperoon left the game
2015-04-07 22:24:30 [INFO] <rouskata> waypointa ne se vijda prez kupola
2015-04-07 22:25:29 [SEVERE] Reached end of stream for /25.120.215.232
2015-04-07 22:26:01 [WARNING] rouskata moved wrongly!
2015-04-07 22:26:02 [INFO] /25.120.215.232:59837 lost connection
2015-04-07 22:27:59 [INFO] Mine_Pup lost connection: disconnect.quitting
2015-04-07 22:27:59 [INFO] Mine_Pup left the game
2015-04-07 22:28:11 [INFO] Wisperoon[/25.120.215.232:59850] logged in with entity id 219922 at (-5.213182810014013, 63.0, 38.27814659579494)
2015-04-07 22:28:11 [INFO] Wisperoon joined the game
2015-04-07 22:31:48 [INFO] <Wisperoon> na mene mi crashna javata
2015-04-07 22:31:49 [INFO] <Wisperoon> fun times
2015-04-07 22:33:29 [WARNING] rouskata moved wrongly!
2015-04-07 22:52:14 [INFO] rouskata was pummeled by Wisperoon
2015-04-07 22:52:31 [INFO] [Wisperoon: Teleported rouskata to Wisperoon]
2015-04-07 22:53:45 [INFO] [Wisperoon: Set own game mode to Creative Mode]
2015-04-07 22:56:20 [SEVERE] Reached end of stream for /25.116.58.178
2015-04-07 22:57:29 [INFO] [Wisperoon: Set own game mode to Survival Mode]
2015-04-07 22:58:05 [INFO] dankilosorus[/25.116.58.178:60141] logged in with entity id 275211 at (17.03875977382951, 69.0, 101.88422953929857)
2015-04-07 22:58:05 [INFO] dankilosorus joined the game
2015-04-07 23:00:13 [SEVERE] Reached end of stream for /25.157.127.58
2015-04-07 23:00:16 [WARNING] rouskata moved wrongly!
2015-04-07 23:00:28 [INFO] Darry[/25.157.127.58:65106] logged in with entity id 278552 at (2.3642802343571248, 64.0, 97.38157123669042)
2015-04-07 23:00:28 [INFO] Darry joined the game
2015-04-07 23:01:16 [INFO] Darry was pummeled by Wisperoon
2015-04-07 23:01:39 [INFO] [Wisperoon: Teleported Darry to Wisperoon]
2015-04-07 23:01:53 [INFO] [Wisperoon: Teleported Darry to Wisperoon]
2015-04-07 23:01:58 [INFO] [Wisperoon: Teleported Darry to Wisperoon]
2015-04-07 23:03:02 [INFO] [rouskata: Opped dankilosorus]
2015-04-07 23:04:19 [INFO] [rouskata: Opped Darry]
2015-04-07 23:07:35 [WARNING] Failed to handle packet for Wisperoon/25.120.215.232: java.lang.IndexOutOfBoundsException: Index: 109, Size: 45
java.lang.IndexOutOfBoundsException: Index: 109, Size: 45
	at java.util.ArrayList.rangeCheck(Unknown Source)
	at java.util.ArrayList.get(Unknown Source)
	at net.minecraft.inventory.Container.func_75144_a(SourceFile:207)
	at invtweaks.forge.PacketHandler.onClickPacket(PacketHandler.java:46)
	at invtweaks.forge.PacketHandler.onPacketData(PacketHandler.java:23)
	at cpw.mods.fml.common.network.NetworkRegistry.handlePacket(NetworkRegistry.java:255)
	at cpw.mods.fml.common.network.NetworkRegistry.handleCustomPacket(NetworkRegistry.java:245)
	at cpw.mods.fml.common.network.FMLNetworkHandler.handlePacket250Packet(FMLNetworkHandler.java:85)
	at net.minecraft.network.NetServerHandler.func_72501_a(NetServerHandler.java:1130)
	at net.minecraft.network.packet.Packet250CustomPayload.func_73279_a(SourceFile:61)
	at net.minecraft.network.TcpConnection.func_74428_b(TcpConnection.java:462)
	at net.minecraft.network.NetServerHandler.func_72570_d(NetServerHandler.java:141)
	at net.minecraft.network.NetworkListenThread.func_71747_b(NetworkListenThread.java:54)
	at net.minecraft.server.dedicated.DedicatedServerListenThread.func_71747_b(SourceFile:30)
	at net.minecraft.server.MinecraftServer.func_71190_q(MinecraftServer.java:691)
	at net.minecraft.server.dedicated.DedicatedServer.func_71190_q(DedicatedServer.java:276)
	at net.minecraft.server.MinecraftServer.func_71217_p(MinecraftServer.java:587)
	at net.minecraft.server.MinecraftServer.run(MinecraftServer.java:484)
	at net.minecraft.server.ThreadMinecraftServer.run(SourceFile:583)
2015-04-07 23:07:35 [INFO] Wisperoon left the game
2015-04-07 23:07:35 [SEVERE] Reached end of stream for /25.120.215.232
2015-04-07 23:07:38 [SEVERE] Reached end of stream for /25.120.215.232
2015-04-07 23:07:39 [SEVERE] Reached end of stream for /25.120.215.232
2015-04-07 23:07:46 [INFO] Wisperoon[/25.120.215.232:59907] logged in with entity id 321795 at (-31.378034398611092, 63.0, 94.88298332332349)
2015-04-07 23:07:46 [INFO] Wisperoon joined the game
2015-04-07 23:16:06 [INFO] [Wisperoon: Set own game mode to Creative Mode]
2015-04-07 23:16:15 [INFO] [Wisperoon: Set own game mode to Survival Mode]
2015-04-07 23:16:46 [WARNING] rouskata moved wrongly!
2015-04-07 23:20:29 [WARNING] Darry moved wrongly!
2015-04-07 23:26:17 [WARNING] rouskata moved wrongly!
2015-04-07 23:27:08 [INFO] Darry lost connection: disconnect.quitting
2015-04-07 23:27:08 [INFO] Darry left the game
2015-04-07 23:27:12 [SEVERE] Reached end of stream for /25.157.127.58
2015-04-07 23:27:24 [INFO] Darry[/25.157.127.58:65235] logged in with entity id 365699 at (-9.440398095759846, 63.0, 126.98084882330397)
2015-04-07 23:27:24 [INFO] Darry joined the game
2015-04-07 23:29:03 [INFO] [Wisperoon: Set own game mode to Creative Mode]
2015-04-07 23:30:03 [INFO] [Wisperoon: Set own game mode to Survival Mode]
2015-04-07 23:36:06 [WARNING] rouskata moved wrongly!
2015-04-07 23:48:56 [SEVERE] Reached end of stream for /25.83.254.178
2015-04-07 23:49:17 [INFO] Mine_Pup[/25.83.254.178:52697] logged in with entity id 418605 at (9.430069492071384, 11.0, -595.0787237299592)
2015-04-07 23:49:17 [INFO] Mine_Pup joined the game
2015-04-07 23:50:06 [INFO] [Wisperoon: Teleported Darry to Wisperoon]
2015-04-07 23:53:14 [WARNING] Mine_Pup moved wrongly!
2015-04-07 23:54:33 [INFO] Darry fell from a high place
2015-04-07 23:57:34 [INFO] [Wisperoon: Set Darry's game mode to Creative Mode]
2015-04-07 23:58:19 [WARNING] Mine_Pup moved wrongly!
2015-04-08 00:02:32 [INFO] Wisperoon lost connection: disconnect.genericReason
2015-04-08 00:02:32 [INFO] Wisperoon left the game
2015-04-08 00:03:12 [SEVERE] Reached end of stream for /25.120.215.232
2015-04-08 00:03:14 [SEVERE] Reached end of stream for /25.120.215.232
2015-04-08 00:03:23 [INFO] Wisperoon[/25.120.215.232:60005] logged in with entity id 464296 at (44.0107390567762, 97.46013817308666, 106.38013332047757)
2015-04-08 00:03:23 [INFO] Wisperoon joined the game
2015-04-08 00:04:20 [INFO] Mine_Pup lost connection: disconnect.quitting
2015-04-08 00:04:20 [INFO] Mine_Pup left the game
2015-04-08 00:07:06 [WARNING] Can't keep up! Did the system time change, or is the server overloaded?
2015-04-08 00:14:24 [INFO] rouskata fell from a high place
2015-04-08 00:17:47 [WARNING] Wisperoon moved wrongly!
2015-04-08 00:20:34 [WARNING] rouskata moved wrongly!
2015-04-08 00:20:55 [WARNING] Wisperoon moved wrongly!
2015-04-08 00:21:13 [INFO] rouskata was blown up by Creeper
2015-04-08 00:29:33 [WARNING] Wisperoon moved wrongly!
2015-04-08 00:29:44 [WARNING] rouskata moved wrongly!
2015-04-08 00:36:02 [WARNING] rouskata moved wrongly!
2015-04-08 00:50:16 [WARNING] rouskata moved wrongly!
2015-04-08 00:58:38 [WARNING] rouskata moved wrongly!
2015-04-08 01:13:40 [WARNING] rouskata moved wrongly!
2015-04-08 01:14:42 [WARNING] rouskata moved wrongly!
2015-04-08 01:16:06 [WARNING] rouskata moved wrongly!
2015-04-08 01:16:15 [WARNING] rouskata moved wrongly!
2015-04-08 01:16:36 [WARNING] rouskata moved wrongly!
2015-04-08 01:21:25 [WARNING] rouskata moved wrongly!
2015-04-08 01:21:30 [WARNING] rouskata moved wrongly!
2015-04-08 01:21:33 [WARNING] rouskata moved wrongly!
2015-04-08 01:21:37 [WARNING] rouskata moved wrongly!
2015-04-08 01:22:40 [WARNING] rouskata moved wrongly!
2015-04-08 01:24:45 [WARNING] rouskata moved wrongly!
2015-04-08 01:29:52 [WARNING] Wisperoon moved wrongly!
2015-04-08 01:32:21 [WARNING] rouskata moved wrongly!
2015-04-08 01:47:16 [WARNING] rouskata moved wrongly!
2015-04-08 02:03:08 [INFO] [Wisperoon: Set own game mode to Creative Mode]
2015-04-08 02:07:31 [WARNING] Can't keep up! Did the system time change, or is the server overloaded?
2015-04-08 02:08:42 [INFO] rouskata lost connection: disconnect.quitting
2015-04-08 02:08:42 [INFO] rouskata left the game
2015-04-08 02:08:44 [SEVERE] Reached end of stream for /25.128.157.64
2015-04-08 02:08:46 [INFO] rouskata[/25.128.157.64:63474] logged in with entity id 869891 at (-17.991361956523377, 93.69525274160239, 98.1122801951416)
2015-04-08 02:08:46 [INFO] rouskata joined the game
2015-04-08 02:10:00 [INFO] rouskata lost connection: disconnect.quitting
2015-04-08 02:10:00 [INFO] rouskata left the game
2015-04-08 02:10:01 [SEVERE] Reached end of stream for /25.128.157.64
2015-04-08 02:10:03 [INFO] rouskata[/25.128.157.64:63478] logged in with entity id 873638 at (-9.708013840177214, 111.9329098154598, 144.29580119495262)
2015-04-08 02:10:03 [INFO] rouskata joined the game
2015-04-08 02:10:04 [INFO] [Wisperoon: Set own game mode to Survival Mode]
2015-04-08 02:12:04 [WARNING] Can't keep up! Did the system time change, or is the server overloaded?
2015-04-08 02:12:53 [INFO] [Wisperoon: Set own game mode to Creative Mode]
2015-04-08 02:14:10 [INFO] [rouskata: Teleported Wisperoon to rouskata]
2015-04-08 02:14:19 [INFO] [Wisperoon: Set own game mode to Survival Mode]
2015-04-08 02:14:27 [INFO] [Wisperoon: Set own game mode to Creative Mode]
2015-04-08 02:15:30 [SEVERE] Reached end of stream for /25.116.58.178
2015-04-08 02:15:30 [SEVERE] Reached end of stream for /25.128.157.64
2015-04-08 02:15:30 [SEVERE] Reached end of stream for /25.120.215.232
2015-04-08 02:15:30 [SEVERE] Reached end of stream for /25.120.215.232
2015-04-08 02:15:30 [SEVERE] Reached end of stream for /25.116.58.178
2015-04-08 02:15:30 [SEVERE] Reached end of stream for /25.157.127.58
2015-04-08 02:15:30 [SEVERE] Reached end of stream for /25.120.215.232
2015-04-08 02:15:30 [INFO] /25.128.157.64:63492 lost connection
2015-04-08 02:15:30 [INFO] /25.116.58.178:60879 lost connection
2015-04-08 02:15:30 [INFO] /25.120.215.232:60601 lost connection
2015-04-08 02:15:30 [INFO] /25.120.215.232:60602 lost connection
2015-04-08 02:15:30 [INFO] dankilosorus lost connection: disconnect.endOfStream
2015-04-08 02:15:30 [INFO] dankilosorus left the game
2015-04-08 02:15:30 [SEVERE] Reached end of stream for /25.157.127.58
2015-04-08 02:15:30 [INFO] Darry lost connection: disconnect.endOfStream
2015-04-08 02:15:30 [INFO] Darry left the game
2015-04-08 02:15:31 [INFO] Wisperoon lost connection: disconnect.endOfStream
2015-04-08 02:15:31 [INFO] Wisperoon left the game
2015-04-08 02:15:31 [INFO] rouskata lost connection: disconnect.genericReason
2015-04-08 02:15:31 [INFO] rouskata left the game
2015-04-08 02:15:31 [WARNING] Can't keep up! Did the system time change, or is the server overloaded?
2015-04-08 02:15:32 [INFO] rouskata[/25.128.157.64:63499] logged in with entity id 979896 at (-29.5, 74.0, 88.5)
2015-04-08 02:15:32 [INFO] rouskata joined the game
2015-04-08 02:15:36 [INFO] Stopping server
2015-04-08 02:16:35 [INFO] Starting minecraft server version 1.6.4
2015-04-08 02:17:36 [INFO] Loading properties
2015-04-08 02:17:36 [INFO] Default game type: SURVIVAL
2015-04-08 02:17:36 [INFO] Generating keypair
2015-04-08 02:17:36 [INFO] Starting Minecraft server on *:25565
2015-04-08 02:17:36 [WARNING] **** SERVER IS RUNNING IN OFFLINE/INSECURE MODE!
2015-04-08 02:17:36 [WARNING] The server will make no attempt to authenticate usernames. Beware.
2015-04-08 02:17:36 [WARNING] While this makes the game possible to play without internet access, it also opens up the ability for hackers to connect with any username they choose.
2015-04-08 02:17:36 [WARNING] To change this, set "online-mode" to "true" in the server.properties file.
2015-04-08 02:17:44 [INFO] [qCraft] Loading qCraft v1.1 (rev 253)
2015-04-08 02:17:47 [INFO] Preparing level "world"
2015-04-08 02:17:49 [INFO] Preparing start region for level 0
2015-04-08 02:17:50 [INFO] Preparing spawn area: 30%
2015-04-08 02:17:51 [INFO] Preparing spawn area: 98%
2015-04-08 02:17:51 [INFO] Done (3.871s)! For help, type "help" or "?"
2015-04-08 02:18:39 [SEVERE] Reached end of stream for /25.128.157.64
2015-04-08 02:18:39 [WARNING] Can't keep up! Did the system time change, or is the server overloaded?
2015-04-08 02:18:47 [INFO] rouskata[/25.128.157.64:63618] logged in with entity id 1408 at (-29.5, 74.0, 88.5)
2015-04-08 02:18:47 [INFO] rouskata joined the game
2015-04-08 02:22:08 [SEVERE] Reached end of stream for /25.120.215.232
2015-04-08 02:22:18 [INFO] Wisperoon[/25.120.215.232:60797] logged in with entity id 9285 at (63.73406435219611, 65.0, 163.2043030071018)
2015-04-08 02:22:18 [INFO] Wisperoon joined the game
2015-04-08 02:23:13 [INFO] [rouskata: Teleported Wisperoon to rouskata]
2015-04-08 02:24:54 [INFO] [rouskata: Teleported Wisperoon to rouskata]
2015-04-08 02:25:46 [INFO] Wisperoon lost connection: disconnect.quitting
2015-04-08 02:25:46 [INFO] Wisperoon left the game
2015-04-08 02:28:43 [SEVERE] Reached end of stream for /25.120.215.232
2015-04-08 02:28:44 [SEVERE] Reached end of stream for /25.120.215.232
2015-04-08 02:28:54 [INFO] Wisperoon[/25.120.215.232:60988] logged in with entity id 26539 at (-29.0766150435747, 74.0, 90.80314757361461)
2015-04-08 02:28:54 [INFO] Wisperoon joined the game
2015-04-08 02:32:21 [INFO] [Wisperoon: Set own game mode to Survival Mode]
2015-04-08 02:32:36 [INFO] rouskata lost connection: disconnect.quitting
2015-04-08 02:32:36 [INFO] rouskata left the game
2015-04-08 02:32:48 [INFO] [Wisperoon: Set own game mode to Survival Mode]
2015-04-08 02:33:57 [INFO] [Wisperoon: Set own game mode to Survival Mode]
2015-04-08 02:34:14 [INFO] Wisperoon lost connection: disconnect.genericReason
2015-04-08 02:34:14 [INFO] Wisperoon left the game
2015-04-08 02:34:26 [INFO] Stopping server
2015-04-08 02:34:26 [INFO] Saving players
2015-04-08 02:34:26 [INFO] Saving worlds
2015-04-08 02:34:26 [INFO] Saving chunks for level 'world'/Overworld
2015-04-08 02:34:26 [INFO] Closing listening thread
2015-04-08 10:34:39 [INFO] Starting minecraft server version 1.6.4
2015-04-08 10:35:24 [INFO] Loading properties
2015-04-08 10:35:24 [INFO] Default game type: SURVIVAL
2015-04-08 10:35:24 [INFO] Generating keypair
2015-04-08 10:35:24 [INFO] Starting Minecraft server on *:25565
2015-04-08 10:35:24 [WARNING] **** SERVER IS RUNNING IN OFFLINE/INSECURE MODE!
2015-04-08 10:35:24 [WARNING] The server will make no attempt to authenticate usernames. Beware.
2015-04-08 10:35:24 [WARNING] While this makes the game possible to play without internet access, it also opens up the ability for hackers to connect with any username they choose.
2015-04-08 10:35:24 [WARNING] To change this, set "online-mode" to "true" in the server.properties file.
2015-04-08 10:35:29 [INFO] [qCraft] Loading qCraft v1.1 (rev 253)
2015-04-08 10:35:33 [INFO] Preparing level "world"
2015-04-08 10:35:35 [INFO] Preparing start region for level 0
2015-04-08 10:35:36 [INFO] Preparing spawn area: 17%
2015-04-08 10:35:37 [INFO] Preparing spawn area: 76%
2015-04-08 10:35:37 [INFO] Done (4.066s)! For help, type "help" or "?"
2015-04-08 10:37:25 [SEVERE] Reached end of stream for /25.128.157.64
2015-04-08 10:37:28 [INFO] rouskata[/25.128.157.64:50030] logged in with entity id 1000 at (-27.54961664462798, 74.03356530719107, 95.74112719732545)
2015-04-08 10:37:28 [INFO] rouskata joined the game
2015-04-08 10:52:05 [SEVERE] Reached end of stream for /25.116.58.178
2015-04-08 10:52:08 [INFO] dankilosorus[/25.116.58.178:49662] logged in with entity id 46374 at (43.70303357097892, 97.92159999847412, 106.65063029190337)
2015-04-08 10:52:08 [INFO] dankilosorus joined the game
2015-04-08 10:59:41 [WARNING] rouskata moved wrongly!
2015-04-08 11:04:17 [WARNING] rouskata moved wrongly!
2015-04-08 11:31:20 [INFO] dankilosorus lost connection: disconnect.quitting
2015-04-08 11:31:20 [INFO] dankilosorus left the game
2015-04-08 11:33:05 [WARNING] rouskata moved wrongly!
2015-04-08 11:55:14 [INFO] rouskata lost connection: disconnect.quitting
2015-04-08 11:55:14 [INFO] rouskata left the game
2015-04-08 12:33:45 [SEVERE] Reached end of stream for /25.128.157.64
2015-04-08 12:33:47 [INFO] rouskata[/25.128.157.64:51048] logged in with entity id 273359 at (6.917094507900391, 77.0, 209.08377842427277)
2015-04-08 12:33:47 [INFO] rouskata joined the game
2015-04-08 12:39:39 [INFO] rouskata lost connection: disconnect.quitting
2015-04-08 12:39:39 [INFO] rouskata left the game
2015-04-08 13:00:24 [SEVERE] Reached end of stream for /25.128.157.64
2015-04-08 13:00:26 [INFO] rouskata[/25.128.157.64:51486] logged in with entity id 294758 at (-17.163434801733512, 78.20643271217192, 214.08452286254015)
2015-04-08 13:00:26 [INFO] rouskata joined the game
2015-04-08 13:02:43 [INFO] rouskata lost connection: disconnect.quitting
2015-04-08 13:02:43 [INFO] rouskata left the game
2015-04-08 13:55:32 [SEVERE] Reached end of stream for /25.128.157.64
2015-04-08 13:55:35 [INFO] rouskata[/25.128.157.64:51877] logged in with entity id 318837 at (7.369416991033388, 77.0, 215.28239717299152)
2015-04-08 13:55:35 [INFO] rouskata joined the game
2015-04-08 14:06:37 [INFO] rouskata lost connection: disconnect.quitting
2015-04-08 14:06:37 [INFO] rouskata left the game
2015-04-08 15:26:17 [WARNING] Can't keep up! Did the system time change, or is the server overloaded?
2015-04-08 15:26:43 [WARNING] Can't keep up! Did the system time change, or is the server overloaded?
2015-04-08 15:28:14 [WARNING] Can't keep up! Did the system time change, or is the server overloaded?
2015-04-08 15:28:31 [WARNING] Can't keep up! Did the system time change, or is the server overloaded?
2015-04-08 15:29:02 [WARNING] Can't keep up! Did the system time change, or is the server overloaded?
2015-04-08 15:45:11 [SEVERE] Reached end of stream for /25.120.215.232
2015-04-08 15:45:24 [INFO] Wisperoon[/25.120.215.232:50964] logged in with entity id 380625 at (-29.569407681003213, 74.0, 93.07775145424417)
2015-04-08 15:45:24 [INFO] Wisperoon joined the game
2015-04-08 15:47:06 [INFO] Wisperoon lost connection: disconnect.quitting
2015-04-08 15:47:06 [INFO] Wisperoon left the game
2015-04-08 15:56:26 [SEVERE] Reached end of stream for /25.120.215.232
2015-04-08 15:56:35 [INFO] Wisperoon[/25.120.215.232:55419] logged in with entity id 385650 at (-29.569407681003213, 73.95500000000087, 93.07775145424417)
2015-04-08 15:56:35 [INFO] Wisperoon joined the game
2015-04-08 16:04:48 [WARNING] Wisperoon moved wrongly!
2015-04-08 16:22:00 [WARNING] Wisperoon moved wrongly!
2015-04-08 16:32:38 [SEVERE] Reached end of stream for /25.128.157.64
2015-04-08 16:32:41 [INFO] rouskata[/25.128.157.64:52471] logged in with entity id 486436 at (-3.6999999880790604, 88.0, 216.30513527537408)
2015-04-08 16:32:41 [INFO] rouskata joined the game
2015-04-08 16:32:50 [INFO] <Wisperoon> Hello Neil
2015-04-08 16:32:50 [WARNING] Can't keep up! Did the system time change, or is the server overloaded?
2015-04-08 16:32:54 [WARNING] Wisperoon moved wrongly!
2015-04-08 16:32:59 [INFO] <Wisperoon> dneska servera napravo leti
2015-04-08 16:33:00 [INFO] <rouskata> :D
2015-04-08 16:33:19 [INFO] <Wisperoon> predi da vlezsh
2015-04-08 16:33:23 [INFO] <Wisperoon> ne lageshe hich
2015-04-08 16:33:57 [INFO] <rouskata> :D
2015-04-08 16:34:04 [INFO] <Wisperoon> neshto
2015-04-08 16:34:08 [INFO] <Wisperoon> dome-a ne bachka
2015-04-08 16:34:11 [INFO] <Wisperoon> fix it
2015-04-08 16:34:17 [INFO] <Wisperoon> IT guy
2015-04-08 16:34:38 [INFO] <rouskata> :D
2015-04-08 16:34:44 [INFO] <rouskata> ok :D
2015-04-08 16:34:53 [INFO] <Wisperoon> napravil sym geara veche
2015-04-08 16:34:56 [INFO] <Wisperoon> sq pravq flag :D
2015-04-08 16:35:53 [INFO] <Wisperoon> kak go opravi? :D
2015-04-08 16:36:34 [INFO] <rouskata> prosto resvam taka da se kaje
2015-04-08 16:36:53 [INFO] <Wisperoon> did you try switching it on and off sir ? :D
2015-04-08 16:36:57 [INFO] <rouskata> :D
2015-04-08 16:37:07 [INFO] <rouskata> btw imame veche ruda ne e nezemno mnogo no imame
2015-04-08 16:37:12 [INFO] <rouskata> no ne e prerabotena
2015-04-08 16:37:39 [INFO] <Wisperoon> ahaha vij
2015-04-08 16:37:59 [INFO] <rouskata> hahahaha
2015-04-08 16:38:17 [INFO] <Wisperoon> NEMOGA Q SLOJA V craftinga si wtf
2015-04-08 16:38:27 [INFO] <Wisperoon> vsichko koeto cykam se mesti
2015-04-08 16:38:30 [INFO] <Wisperoon> kak se opravqshe tva
2015-04-08 16:38:38 [INFO] <rouskata> mmm
2015-04-08 16:38:45 [INFO] <rouskata> ne znam
2015-04-08 16:38:56 [INFO] Wisperoon lost connection: disconnect.quitting
2015-04-08 16:38:56 [INFO] Wisperoon left the game
2015-04-08 16:38:58 [SEVERE] Reached end of stream for /25.120.215.232
2015-04-08 16:39:33 [SEVERE] Reached end of stream for /25.120.215.232
2015-04-08 16:41:29 [SEVERE] Reached end of stream for /25.120.215.232
2015-04-08 16:41:37 [INFO] Wisperoon[/25.120.215.232:56230] logged in with entity id 529299 at (-26.39222077092329, 74.0, 94.87377812947308)
2015-04-08 16:41:37 [INFO] Wisperoon joined the game
2015-04-08 17:30:01 [WARNING] Wisperoon moved wrongly!
2015-04-08 17:30:20 [WARNING] rouskata moved wrongly!
2015-04-08 17:35:35 [WARNING] rouskata moved wrongly!
2015-04-08 17:36:37 [WARNING] rouskata moved wrongly!
2015-04-08 17:37:18 [INFO] <Wisperoon> tova
2015-04-08 17:37:22 [INFO] <Wisperoon> force fielda l itrqbva da e
2015-04-08 17:37:23 [INFO] <Wisperoon> :D
2015-04-08 17:37:28 [INFO] <Wisperoon> sloji go dolo psoredata
2015-04-08 17:37:31 [INFO] <Wisperoon> az shte izgladq
2015-04-08 17:37:40 [INFO] <rouskata> dai mi neshtoto
2015-04-08 17:37:50 [INFO] <Wisperoon> tuka go sloji
2015-04-08 17:38:36 [INFO] <Wisperoon> oshte mqsto trqbva li ti
2015-04-08 17:39:47 [INFO] <rouskata> imash mashina
2015-04-08 17:39:51 [INFO] <rouskata> v tebe
2015-04-08 17:42:49 [INFO] <rouskata> ok area secured
2015-04-08 17:43:02 [INFO] <Wisperoon> a ti samo area cleanera
2015-04-08 17:43:03 [INFO] <Wisperoon> li vze
2015-04-08 17:44:25 [INFO] <rouskata> toi e nov koito napravih
2015-04-08 17:44:39 [WARNING] Wisperoon moved too quickly! 3.658576489958614,-9.258912585733086,10.7845636497172 (3.658576489958614, 9.258912585733086, 10.7845636497172)
2015-04-08 17:44:52 [SEVERE] Reached end of stream for /25.120.215.232
2015-04-08 17:44:52 [INFO] Wisperoon lost connection: disconnect.endOfStream
2015-04-08 17:44:52 [INFO] Wisperoon left the game
2015-04-08 17:45:28 [INFO] /25.120.215.232:56563 lost connection
2015-04-08 17:46:14 [INFO] /25.120.215.232:56600 lost connection
2015-04-08 17:46:14 [INFO] /25.120.215.232:56608 lost connection
2015-04-08 17:46:17 [INFO] /25.120.215.232:56620 lost connection
2015-04-08 17:46:19 [SEVERE] Reached end of stream for /25.120.215.232
2015-04-08 17:46:57 [INFO] Wisperoon [/25.120.215.232:56634] lost connection
2015-04-08 17:47:01 [SEVERE] Reached end of stream for /25.120.215.232
2015-04-08 17:47:40 [INFO] Wisperoon [/25.120.215.232:56640] lost connection
2015-04-08 17:47:49 [SEVERE] Reached end of stream for /25.120.215.232
2015-04-08 17:51:01 [SEVERE] Reached end of stream for /25.120.215.232
2015-04-08 17:51:09 [INFO] Wisperoon[/25.120.215.232:56722] logged in with entity id 737253 at (14.074664879637828, 88.16479808920444, 186.42297112265854)
2015-04-08 17:51:09 [INFO] Wisperoon joined the game
2015-04-08 17:51:19 [INFO] <Wisperoon> nemoga pisha v sykpe ei
2015-04-08 17:51:37 [INFO] <Wisperoon> tuka neshto ne mi se save-vat waypointovete
2015-04-08 17:51:47 [INFO] <rouskata> to i namen mai
2015-04-08 17:51:55 [INFO] <Wisperoon> shto tyi
2015-04-08 17:52:07 [INFO] <Wisperoon> shte pravim li dome tuka
2015-04-08 17:52:52 [INFO] <rouskata> moje
2015-04-08 17:53:22 [INFO] <rouskata> brat te izmirat kat muhi
2015-04-08 17:53:24 [INFO] <rouskata> LD
2015-04-08 17:53:28 [INFO] <Wisperoon> vijdam
2015-04-08 17:55:43 [INFO] <Wisperoon> 50 % o2
2015-04-08 17:56:11 [INFO] <rouskata> az sum na 40
2015-04-08 17:57:19 [WARNING] Wisperoon moved wrongly!
2015-04-08 17:57:30 [INFO] <Wisperoon> dome pak li nebachka
2015-04-08 17:57:41 [WARNING] rouskata moved wrongly!
2015-04-08 18:00:09 [WARNING] rouskata moved wrongly!
2015-04-08 18:01:47 [INFO] <Wisperoon> out of coal
2015-04-08 18:02:27 [INFO] <rouskata> MAI IMAM
2015-04-08 18:02:38 [INFO] <Wisperoon> ela si zaredi
2015-04-08 18:02:45 [INFO] <Wisperoon> oxy
2015-04-08 18:03:47 [INFO] <rouskata> kude iskash coal-a
2015-04-08 18:03:55 [INFO] <Wisperoon> chesata s ore
2015-04-08 18:04:03 [INFO] <Wisperoon> napravo napravi steel
2015-04-08 18:04:44 [INFO] <Wisperoon> s charcoal
2015-04-08 18:04:47 [INFO] <Wisperoon> nestava steel D:
2015-04-08 18:05:01 [INFO] <rouskata> brat imam blizo 20 stacka normalen coal
2015-04-08 18:05:16 [INFO] <Wisperoon> dai
2015-04-08 18:07:26 [INFO] <rouskata> zimai coal
2015-04-08 18:07:31 [INFO] <rouskata> ot chesta
2015-04-08 18:07:33 [INFO] <Wisperoon> de
2015-04-08 18:09:26 [WARNING] rouskata moved wrongly!
2015-04-08 18:13:44 [INFO] [Wisperoon: Set own game mode to Creative Mode]
2015-04-08 18:14:14 [INFO] [Wisperoon: Set own game mode to Survival Mode]
2015-04-08 18:15:09 [INFO] [Wisperoon: Set own game mode to Creative Mode]
2015-04-08 18:15:40 [INFO] [Wisperoon: Set own game mode to Survival Mode]
2015-04-08 18:18:26 [WARNING] rouskata moved wrongly!
2015-04-08 18:22:42 [WARNING] rouskata moved wrongly!
2015-04-08 18:29:41 [WARNING] rouskata moved wrongly!
2015-04-08 18:30:33 [INFO] [Wisperoon: Set own game mode to Creative Mode]
2015-04-08 18:31:24 [INFO] [Wisperoon: Set own game mode to Survival Mode]
2015-04-08 18:31:44 [INFO] [Wisperoon: Set own game mode to Creative Mode]
2015-04-08 18:35:24 [WARNING] rouskata moved wrongly!
2015-04-08 18:36:51 [INFO] [rouskata: Teleported rouskata to Wisperoon]
2015-04-08 18:37:41 [INFO] [Wisperoon: Set own game mode to Survival Mode]
2015-04-08 18:39:38 [WARNING] rouskata moved wrongly!
2015-04-08 18:41:44 [WARNING] rouskata moved wrongly!
2015-04-08 18:41:57 [WARNING] Wisperoon moved wrongly!
2015-04-08 18:43:24 [WARNING] rouskata moved wrongly!
2015-04-08 18:44:11 [WARNING] Wisperoon moved wrongly!
2015-04-08 18:46:13 [WARNING] Wisperoon moved wrongly!
2015-04-08 18:48:07 [WARNING] rouskata moved wrongly!
2015-04-08 18:48:09 [WARNING] rouskata moved wrongly!
2015-04-08 18:49:32 [WARNING] rouskata moved wrongly!
2015-04-08 18:59:43 [WARNING] rouskata moved wrongly!
2015-04-08 19:00:03 [WARNING] rouskata moved wrongly!
2015-04-08 19:08:55 [INFO] [rouskata: De-opped Darry]
2015-04-08 19:09:01 [INFO] [rouskata: De-opped dankilosorus]
2015-04-08 19:10:40 [WARNING] Wisperoon moved wrongly!
2015-04-08 19:15:39 [WARNING] rouskata moved wrongly!
2015-04-08 19:16:35 [WARNING] rouskata moved wrongly!
2015-04-08 19:16:37 [WARNING] Wisperoon moved wrongly!
2015-04-08 19:17:17 [WARNING] rouskata moved wrongly!
2015-04-08 19:24:05 [WARNING] Wisperoon moved wrongly!
2015-04-08 19:26:23 [WARNING] Wisperoon moved wrongly!
2015-04-08 19:30:54 [WARNING] Wisperoon moved wrongly!
2015-04-08 19:35:27 [WARNING] Wisperoon moved wrongly!
2015-04-08 19:43:18 [INFO] Wisperoon lost connection: disconnect.quitting
2015-04-08 19:43:18 [INFO] Wisperoon left the game
2015-04-08 19:43:21 [SEVERE] Reached end of stream for /25.120.215.232
2015-04-08 19:43:27 [INFO] Wisperoon[/25.120.215.232:57357] logged in with entity id 1258366 at (31.91922449448684, 60.0, 210.10666222255003)
2015-04-08 19:43:27 [INFO] Wisperoon joined the game
2015-04-08 19:44:17 [WARNING] Wisperoon moved wrongly!
2015-04-08 19:45:25 [WARNING] Wisperoon moved wrongly!
2015-04-08 19:47:52 [WARNING] rouskata moved wrongly!
2015-04-08 19:49:52 [WARNING] Wisperoon moved wrongly!
2015-04-08 19:50:12 [WARNING] Can't keep up! Did the system time change, or is the server overloaded?
2015-04-08 19:55:59 [WARNING] rouskata moved wrongly!
2015-04-08 19:56:51 [WARNING] Wisperoon moved wrongly!
2015-04-08 20:02:54 [WARNING] rouskata moved wrongly!
2015-04-08 20:04:08 [WARNING] rouskata moved wrongly!
2015-04-08 20:04:21 [WARNING] rouskata moved wrongly!
2015-04-08 20:04:26 [INFO] rouskata lost connection: disconnect.quitting
2015-04-08 20:04:26 [INFO] rouskata left the game
2015-04-08 20:05:29 [INFO] Wisperoon lost connection: disconnect.quitting
2015-04-08 20:05:29 [INFO] Wisperoon left the game
2015-04-08 21:27:51 [SEVERE] Reached end of stream for /25.120.215.232
2015-04-08 21:27:53 [SEVERE] Reached end of stream for /25.120.215.232
2015-04-08 21:29:48 [INFO] Wisperoon[/25.120.215.232:58819] logged in with entity id 1328777 at (-23.661622360340466, 75.0, 94.83899686394275)
2015-04-08 21:29:48 [INFO] Wisperoon joined the game
2015-04-08 21:43:10 [INFO] [Server] mortal are you there
2015-04-08 21:43:30 [INFO] <Wisperoon> Yo
2015-04-08 21:43:43 [INFO] <Wisperoon> bitch immortal
2015-04-08 21:43:50 [INFO] Unknown command. Try /help for a list of commands
2015-04-08 21:43:58 [INFO] [Server] i am the creator :D
2015-04-08 21:44:04 [INFO] [Server] marti pishe daigraem liga
2015-04-08 21:44:27 [INFO] <Wisperoon> and?
2015-04-08 21:44:39 [INFO] [Server] dai da vrutnem 1
2015-04-08 21:46:47 [INFO] [Server] mortal answer me :D
2015-04-08 21:51:19 [INFO] Wisperoon lost connection: disconnect.genericReason
2015-04-08 21:51:19 [INFO] Wisperoon left the game
2015-04-08 21:55:11 [INFO] Stopping server
2015-04-08 21:55:11 [INFO] Saving players
2015-04-08 21:55:11 [INFO] Saving worlds
2015-04-08 21:55:11 [INFO] Saving chunks for level 'world'/Overworld
2015-04-08 21:55:11 [INFO] Closing listening thread
2015-04-08 23:51:48 [INFO] Starting minecraft server version 1.6.4
2015-04-08 23:52:09 [INFO] Loading properties
2015-04-08 23:52:09 [INFO] Default game type: SURVIVAL
2015-04-08 23:52:09 [INFO] Generating keypair
2015-04-08 23:52:09 [INFO] Starting Minecraft server on *:25565
2015-04-08 23:52:09 [WARNING] **** SERVER IS RUNNING IN OFFLINE/INSECURE MODE!
2015-04-08 23:52:09 [WARNING] The server will make no attempt to authenticate usernames. Beware.
2015-04-08 23:52:09 [WARNING] While this makes the game possible to play without internet access, it also opens up the ability for hackers to connect with any username they choose.
2015-04-08 23:52:09 [WARNING] To change this, set "online-mode" to "true" in the server.properties file.
2015-04-08 23:52:12 [INFO] [qCraft] Loading qCraft v1.1 (rev 253)
2015-04-08 23:52:15 [INFO] Preparing level "world"
2015-04-08 23:52:16 [INFO] Preparing start region for level 0
2015-04-08 23:52:17 [INFO] Preparing spawn area: 30%
2015-04-08 23:52:17 [INFO] Done (2.481s)! For help, type "help" or "?"
2015-04-08 23:52:24 [SEVERE] Reached end of stream for /25.120.215.232
2015-04-09 00:10:01 [INFO] Wisperoon[/25.120.215.232:60985] logged in with entity id 1884 at (-34.18173516089196, 69.0, 94.54147673233979)
2015-04-09 00:10:01 [INFO] Wisperoon joined the game
2015-04-09 00:13:19 [SEVERE] Reached end of stream for /25.128.157.64
2015-04-09 00:13:22 [INFO] rouskata[/25.128.157.64:57176] logged in with entity id 23588 at (-29.48585786484182, 74.82000000000008, 93.61444486010677)
2015-04-09 00:13:22 [INFO] rouskata joined the game
2015-04-09 00:15:58 [WARNING] Wisperoon moved wrongly!
2015-04-09 00:17:29 [INFO] Wisperoon lost connection: disconnect.quitting
2015-04-09 00:17:29 [INFO] Wisperoon left the game
2015-04-09 00:17:32 [SEVERE] Reached end of stream for /25.120.215.232
2015-04-09 00:17:40 [INFO] Wisperoon[/25.120.215.232:61014] logged in with entity id 59210 at (38.018890291876474, 105.89016868755243, 105.90699795023785)
2015-04-09 00:17:40 [INFO] Wisperoon joined the game
2015-04-09 00:23:49 [INFO] Wisperoon lost connection: disconnect.quitting
2015-04-09 00:23:49 [INFO] Wisperoon left the game
2015-04-09 00:24:00 [INFO] rouskata lost connection: disconnect.quitting
2015-04-09 00:24:00 [INFO] rouskata left the game
2015-04-09 00:24:03 [INFO] Stopping server
2015-04-09 00:24:03 [INFO] Saving players
2015-04-09 00:24:03 [INFO] Saving worlds
2015-04-09 00:24:03 [INFO] Saving chunks for level 'world'/Overworld
2015-04-09 00:24:03 [INFO] Closing listening thread
2015-04-09 00:24:16 [INFO] Starting minecraft server version 1.6.4
2015-04-09 00:24:35 [INFO] Loading properties
2015-04-09 00:24:35 [INFO] Default game type: SURVIVAL
2015-04-09 00:24:35 [INFO] Generating keypair
2015-04-09 00:24:36 [INFO] Starting Minecraft server on *:25565
2015-04-09 00:24:36 [WARNING] **** SERVER IS RUNNING IN OFFLINE/INSECURE MODE!
2015-04-09 00:24:36 [WARNING] The server will make no attempt to authenticate usernames. Beware.
2015-04-09 00:24:36 [WARNING] While this makes the game possible to play without internet access, it also opens up the ability for hackers to connect with any username they choose.
2015-04-09 00:24:36 [WARNING] To change this, set "online-mode" to "true" in the server.properties file.
2015-04-09 00:24:40 [INFO] [qCraft] Loading qCraft v1.1 (rev 253)
2015-04-09 00:24:43 [INFO] Preparing level "world"
2015-04-09 00:24:44 [INFO] Preparing start region for level 0
2015-04-09 00:24:45 [INFO] Preparing spawn area: 69%
2015-04-09 00:24:45 [INFO] Done (2.314s)! For help, type "help" or "?"
2015-04-09 00:24:51 [SEVERE] Reached end of stream for /25.128.157.64
2015-04-09 00:24:55 [INFO] rouskata[/25.128.157.64:57274] logged in with entity id 615 at (18.880592314715336, 64.0, 98.30399774988771)
2015-04-09 00:24:55 [INFO] rouskata joined the game
2015-04-09 00:25:06 [SEVERE] Reached end of stream for /25.120.215.232
2015-04-09 00:25:07 [SEVERE] Reached end of stream for /25.120.215.232
2015-04-09 00:25:21 [INFO] Wisperoon[/25.120.215.232:61351] logged in with entity id 1592 at (42.97167148276595, 77.40416992763095, 88.74807615144545)
2015-04-09 00:25:21 [INFO] Wisperoon joined the game
2015-04-09 00:26:32 [INFO] <Wisperoon> a s d f g h
2015-04-09 00:28:40 [INFO] Wisperoon lost connection: disconnect.quitting
2015-04-09 00:28:40 [INFO] Wisperoon left the game
2015-04-09 00:30:38 [INFO] rouskata lost connection: disconnect.quitting
2015-04-09 00:30:38 [INFO] rouskata left the game
2015-04-09 00:31:20 [INFO] Stopping server
2015-04-09 00:31:20 [INFO] Saving players
2015-04-09 00:31:20 [INFO] Saving worlds
2015-04-09 00:31:20 [INFO] Saving chunks for level 'world'/Overworld
2015-04-09 00:31:20 [INFO] Closing listening thread
